d:\game_dev\gameloftcourse\fire\newtrainingframework\debug\newtrainingframework.pch
d:\game_dev\gameloftcourse\fire\newtrainingframework\debug\vc140.pdb
d:\game_dev\gameloftcourse\fire\newtrainingframework\debug\vc140.idb
d:\game_dev\gameloftcourse\fire\newtrainingframework\debug\stdafx.obj
d:\game_dev\gameloftcourse\fire\newtrainingframework\debug\newtrainingframework.obj
d:\game_dev\gameloftcourse\fire\newtrainingframework\debug\shaders.obj
d:\game_dev\gameloftcourse\fire\newtrainingframework\debug\camera.obj
d:\game_dev\gameloftcourse\fire\newtrainingframework\debug\helper.obj
d:\game_dev\gameloftcourse\fire\bin\newtrainingframework.ilk
d:\game_dev\gameloftcourse\fire\bin\newtrainingframework.exe
d:\game_dev\gameloftcourse\fire\bin\newtrainingframework.pdb
d:\game_dev\gameloftcourse\fire\\bin\newtrainingframework.pdb
d:\game_dev\gameloftcourse\fire\\bin\newtrainingframework.exe
d:\game_dev\gameloftcourse\fire\\bin\newtrainingframework.ilk
d:\game_dev\gameloftcourse\fire\newtrainingframework\debug\newtrain.fc024ec8.tlog\cl.command.1.tlog
d:\game_dev\gameloftcourse\fire\newtrainingframework\debug\newtrain.fc024ec8.tlog\cl.read.1.tlog
d:\game_dev\gameloftcourse\fire\newtrainingframework\debug\newtrain.fc024ec8.tlog\cl.write.1.tlog
d:\game_dev\gameloftcourse\fire\newtrainingframework\debug\newtrain.fc024ec8.tlog\link.command.1.tlog
d:\game_dev\gameloftcourse\fire\newtrainingframework\debug\newtrain.fc024ec8.tlog\link.read.1.tlog
d:\game_dev\gameloftcourse\fire\newtrainingframework\debug\newtrain.fc024ec8.tlog\link.write.1.tlog
